~/workspace/mobile-app$ npx tsc --noEmit --strict
App.tsx:2:27 - error TS2307: Cannot find module 'expo-status-bar' or its corresponding type declarations.

2 import { StatusBar } from 'expo-status-bar';
                            ~~~~~~~~~~~~~~~~~

App.tsx:3:37 - error TS2307: Cannot find module '@react-navigation/native' or its corresponding type declarations.

3 import { NavigationContainer } from '@react-navigation/native';
                                      ~~~~~~~~~~~~~~~~~~~~~~~~~~

App.tsx:4:34 - error TS2307: Cannot find module 'react-native-safe-area-context' or its corresponding type declarations.

4 import { SafeAreaProvider } from 'react-native-safe-area-context';
                                   ~~~~~~~~~~~~~~~~~~~~~~~~~~~~~~~~

App.tsx:5:26 - error TS2307: Cannot find module 'react-redux' or its corresponding type declarations.

5 import { Provider } from 'react-redux';
                           ~~~~~~~~~~~~~

App.tsx:6:29 - error TS2307: Cannot find module 'redux-persist/integration/react' or its corresponding type declarations.

6 import { PersistGate } from 'redux-persist/integration/react';
                              ~~~~~~~~~~~~~~~~~~~~~~~~~~~~~~~~~

App.tsx:7:31 - error TS2307: Cannot find module 'expo-splash-screen' or its corresponding type declarations.

7 import * as SplashScreen from 'expo-splash-screen';
                                ~~~~~~~~~~~~~~~~~~~~

src/features/medication-reminders/animations/AdherenceCelebration.tsx:46:13 - error TS7030: Not all code paths return a value.

46   useEffect(() => {
               ~~~~~~~

src/features/medication-reminders/components/ActiveReminderView.tsx:135:11 - error TS2322: Type 'AnimationType' is not assignable to type '"pill" | "liquid" | "injection" | "inhaler"'.
  Type '"tablet"' is not assignable to type '"pill" | "liquid" | "injection" | "inhaler"'.

135           type={animationType}
              ~~~~

  src/features/medication-reminders/animations/MedicationTakingSteps.tsx:8:3
    8   type: 'pill' | 'liquid' | 'injection' | 'inhaler';
        ~~~~
    The expected type comes from property 'type' which is declared here on type 'IntrinsicAttributes & MedicationTakingStepsProps'

src/features/medication-reminders/components/ActiveReminderView.tsx:149:11 - error TS2322: Type 'import("/home/runner/workspace/mobile-app/src/features/medication-reminders/components/ActiveReminderView").AnimationType' is not assignable to type 'import("/home/runner/workspace/mobile-app/src/features/medication-reminders/animations/ReminderAnimation").AnimationType'.
  Type '"tablet"' is not assignable to type 'AnimationType'.

149           type={animationType}
              ~~~~

  src/features/medication-reminders/animations/ReminderAnimation.tsx:28:3
    28   type: AnimationType;
         ~~~~
    The expected type comes from property 'type' which is declared here on type 'IntrinsicAttributes & ReminderAnimationProps'

src/features/video-chat/PharmacistConsultButton.tsx:10:31 - error TS2307: Cannot find module '@react-navigation/native' or its corresponding type declarations.

10 import { useNavigation } from '@react-navigation/native';
                                 ~~~~~~~~~~~~~~~~~~~~~~~~~~

src/features/video-chat/PharmacistConsultButton.tsx:11:22 - error TS2307: Cannot find module 'react-native-vector-icons/Ionicons' or its corresponding type declarations.

11 import Ionicons from 'react-native-vector-icons/Ionicons';
                        ~~~~~~~~~~~~~~~~~~~~~~~~~~~~~~~~~~~~

src/features/video-chat/VideoChatScreen.tsx:12:41 - error TS2307: Cannot find module '@react-navigation/native' or its corresponding type declarations.

12 import { useNavigation, useRoute } from '@react-navigation/native';
                                           ~~~~~~~~~~~~~~~~~~~~~~~~~~

src/features/video-chat/VideoChatScreen.tsx:13:25 - error TS2307: Cannot find module 'react-native-webrtc' or its corresponding type declarations.

13 import { RTCView } from 'react-native-webrtc';
                           ~~~~~~~~~~~~~~~~~~~~~

src/features/video-chat/VideoChatScreen.tsx:14:22 - error TS2307: Cannot find module 'react-native-vector-icons/Ionicons' or its corresponding type declarations.

14 import Ionicons from 'react-native-vector-icons/Ionicons';
                        ~~~~~~~~~~~~~~~~~~~~~~~~~~~~~~~~~~~~

src/features/video-chat/VideoChatScreen.tsx:33:33 - error TS2304: Cannot find name 'MediaStream'.

33   const localStreamRef = useRef<MediaStream | null>(null);
                                   ~~~~~~~~~~~

src/features/video-chat/VideoChatScreen.tsx:39:50 - error TS2304: Cannot find name 'MediaStream'.

39   const [localStream, setLocalStream] = useState<MediaStream | null>(null);
                                                    ~~~~~~~~~~~

src/features/video-chat/VideoChatScreen.tsx:40:66 - error TS2304: Cannot find name 'MediaStream'.

40   const [remoteStreams, setRemoteStreams] = useState<Map<number, MediaStream>>(new Map());
                                                                    ~~~~~~~~~~~

src/features/video-chat/VideoChatScreen.tsx:159:11 - error TS18047: 'user' is possibly 'null'.

159           user.id,
              ~~~~

src/features/video-chat/VideoChatScreen.tsx:160:11 - error TS18047: 'user' is possibly 'null'.

160           user.username,
              ~~~~

src/features/video-chat/VideoChatScreen.tsx:177:36 - error TS18047: 'user' is possibly 'null'.

177           const roomName = `user-${user.id}-pharmacist-${params.pharmacistId}`;
                                       ~~~~

src/features/video-chat/VideoChatScreen.tsx:182:36 - error TS18047: 'user' is possibly 'null'.

182           const roomName = `user-${user.id}-consultation`;
                                       ~~~~

src/features/video-chat/VideoChatScreen.tsx:202:52 - error TS7006: Parameter 'track' implicitly has an 'any' type.

202         localStreamRef.current.getTracks().forEach(track => track.stop());
                                                       ~~~~~

src/features/video-chat/VideoChatScreen.tsx:277:25 - error TS18047: 'user' is possibly 'null'.

277                 userId: user.id,
                            ~~~~

src/features/video-chat/video-chat.service.ts:18:12 - error TS2304: Cannot find name 'MediaStream'.

18   stream?: MediaStream;
              ~~~~~~~~~~~

src/features/video-chat/video-chat.service.ts:23:24 - error TS2304: Cannot find name 'MediaStream'.

23   private localStream: MediaStream | null = null;
                          ~~~~~~~~~~~

src/features/video-chat/video-chat.service.ts:31:66 - error TS2304: Cannot find name 'MediaStream'.

31   private onRemoteStreamAddedCallback: ((userId: number, stream: MediaStream) => void) | null = null;
                                                                    ~~~~~~~~~~~

src/features/video-chat/video-chat.service.ts:73:37 - error TS2304: Cannot find name 'MediaStream'.

73   async setupLocalStream(): Promise<MediaStream> {
                                       ~~~~~~~~~~~

src/features/video-chat/video-chat.service.ts:75:32 - error TS2304: Cannot find name 'navigator'.

75       this.localStream = await navigator.mediaDevices.getUserMedia({
                                  ~~~~~~~~~

src/features/video-chat/video-chat.service.ts:171:50 - error TS7006: Parameter 'track' implicitly has an 'any' type.

171       this.localStream.getAudioTracks().forEach((track) => {
                                                     ~~~~~

src/features/video-chat/video-chat.service.ts:180:50 - error TS7006: Parameter 'track' implicitly has an 'any' type.

180       this.localStream.getVideoTracks().forEach((track) => {
                                                     ~~~~~

src/features/video-chat/video-chat.service.ts:202:31 - error TS2304: Cannot find name 'navigator'.

202       const newStream = await navigator.mediaDevices.getUserMedia({
                                  ~~~~~~~~~

src/features/video-chat/video-chat.service.ts:217:31 - error TS2304: Cannot find name 'MediaStream'.

217           this.localStream as MediaStream
                                  ~~~~~~~~~~~

src/features/video-chat/video-chat.service.ts:427:61 - error TS2304: Cannot find name 'MediaStream'.

427   setOnRemoteStreamAdded(callback: (userId: number, stream: MediaStream) => void): void {
                                                                ~~~~~~~~~~~

src/features/video-chat/video-chat.service.ts:465:45 - error TS7006: Parameter 'track' implicitly has an 'any' type.

465       this.localStream.getTracks().forEach((track) => {
                                                ~~~~~

src/navigation/AppNavigator.tsx:2:38 - error TS2307: Cannot find module '@react-navigation/stack' or its corresponding type declarations.

2 import { createStackNavigator } from '@react-navigation/stack';
                                       ~~~~~~~~~~~~~~~~~~~~~~~~~

src/navigation/AppNavigator.tsx:3:42 - error TS2307: Cannot find module '@react-navigation/bottom-tabs' or its corresponding type declarations.

3 import { createBottomTabNavigator } from '@react-navigation/bottom-tabs';
                                           ~~~~~~~~~~~~~~~~~~~~~~~~~~~~~~~

src/navigation/AppNavigator.tsx:4:29 - error TS2307: Cannot find module 'react-redux' or its corresponding type declarations.

4 import { useSelector } from 'react-redux';
                              ~~~~~~~~~~~~~

src/navigation/RootNavigation.ts:2:40 - error TS2307: Cannot find module '@react-navigation/native' or its corresponding type declarations.

2 import { NavigationContainerRef } from '@react-navigation/native';
                                         ~~~~~~~~~~~~~~~~~~~~~~~~~~

src/screens/ActiveDeliveryScreen.tsx:15:30 - error TS2307: Cannot find module 'react-native-safe-area-context' or its corresponding type declarations.

15 import { SafeAreaView } from 'react-native-safe-area-context';
                                ~~~~~~~~~~~~~~~~~~~~~~~~~~~~~~~~

src/screens/ActiveDeliveryScreen.tsx:102:33 - error TS7030: Not all code paths return a value.

102   const startLocationTracking = async () => {
                                    ~~~~~~~~~~~~~

src/screens/ActiveDeliveryScreen.tsx:324:9 - error TS2607: JSX element class does not support attributes because it does not have a 'props' property.

324         <MapView
            ~~~~~~~~
325           ref={mapRef}
    ~~~~~~~~~~~~~~~~~~~~~~
... 
334           }}
    ~~~~~~~~~~~~
335         >
    ~~~~~~~~~

src/screens/ActiveDeliveryScreen.tsx:324:10 - error TS2786: 'MapView' cannot be used as a JSX component.
  Its instance type 'MapView' is not a valid JSX element.

324         <MapView
             ~~~~~~~

src/screens/ActiveDeliveryScreen.tsx:337:11 - error TS2607: JSX element class does not support attributes because it does not have a 'props' property.

337           <Marker
              ~~~~~~~
338             coordinate={delivery.pickupLocation}
    ~~~~~~~~~~~~~~~~~~~~~~~~~~~~~~~~~~~~~~~~~~~~~~~~
... 
341             pinColor="#4CAF50"
    ~~~~~~~~~~~~~~~~~~~~~~~~~~~~~~
342           />
    ~~~~~~~~~~~~

src/screens/ActiveDeliveryScreen.tsx:337:12 - error TS2786: 'Marker' cannot be used as a JSX component.
  Its instance type 'MapMarker' is not a valid JSX element.

337           <Marker
               ~~~~~~

src/screens/ActiveDeliveryScreen.tsx:345:11 - error TS2607: JSX element class does not support attributes because it does not have a 'props' property.

345           <Marker
              ~~~~~~~
346             coordinate={delivery.deliveryLocation}
    ~~~~~~~~~~~~~~~~~~~~~~~~~~~~~~~~~~~~~~~~~~~~~~~~~~
... 
349             pinColor="#2196F3"
    ~~~~~~~~~~~~~~~~~~~~~~~~~~~~~~
350           />
    ~~~~~~~~~~~~

src/screens/ActiveDeliveryScreen.tsx:345:12 - error TS2786: 'Marker' cannot be used as a JSX component.
  Its instance type 'MapMarker' is not a valid JSX element.

345           <Marker
               ~~~~~~

src/screens/ActiveDeliveryScreen.tsx:354:13 - error TS2607: JSX element class does not support attributes because it does not have a 'props' property.

354             <Polyline
                ~~~~~~~~~
355               coordinates={routeCoordinates}
    ~~~~~~~~~~~~~~~~~~~~~~~~~~~~~~~~~~~~~~~~~~~~
... 
357               strokeColor="#0C6B58"
    ~~~~~~~~~~~~~~~~~~~~~~~~~~~~~~~~~~~
358             />
    ~~~~~~~~~~~~~~

src/screens/ActiveDeliveryScreen.tsx:354:14 - error TS2786: 'Polyline' cannot be used as a JSX component.
  Its instance type 'MapPolyline' is not a valid JSX element.

354             <Polyline
                 ~~~~~~~~

src/screens/ActiveDeliveryScreen.tsx:424:32 - error TS2322: Type 'string' is not assignable to type '"delete" | "link" | "filter" | "search" | "repeat" | "anchor" | "style" | "accessible" | "image" | "opacity" | "android" | "web" | "sort" | "map" | "done" | "gradient" | "description" | ... 1545 more ... | undefined'.

424                 <MaterialIcons name={action.icon} size={20} color="#FFFFFF" />
                                   ~~~~

  node_modules/@expo/vector-icons/build/createIconSet.d.ts:17:5
    17     name: GLYPHS;
           ~~~~
    The expected type comes from property 'name' which is declared here on type 'IntrinsicAttributes & IntrinsicClassAttributes<Component<IconProps<"delete" | "link" | "filter" | "search" | "repeat" | "anchor" | "style" | "accessible" | "image" | "opacity" | "android" | ... 1550 more ... | "zoom-out-map">, {}, any>> & Pick<...> & InexactPartial<...> & InexactPartial<...>'

src/screens/AddPaymentMethodScreen.tsx:14:31 - error TS2307: Cannot find module '@react-navigation/native' or its corresponding type declarations.

14 import { useNavigation } from '@react-navigation/native';
                                 ~~~~~~~~~~~~~~~~~~~~~~~~~~

src/screens/AddPaymentMethodScreen.tsx:15:18 - error TS2307: Cannot find module 'react-native-vector-icons/Ionicons' or its corresponding type declarations.

15 import Icon from 'react-native-vector-icons/Ionicons';
                    ~~~~~~~~~~~~~~~~~~~~~~~~~~~~~~~~~~~~

src/screens/AddPaymentMethodScreen.tsx:18:10 - error TS2614: Module '"../services/api.service"' has no exported member 'api'. Did you mean to use 'import api from "../services/api.service"' instead?

18 import { api } from '../services/api.service';
            ~~~

src/screens/AuthScreen.tsx:15:30 - error TS2307: Cannot find module 'react-native-safe-area-context' or its corresponding type declarations.

15 import { SafeAreaView } from 'react-native-safe-area-context';
                                ~~~~~~~~~~~~~~~~~~~~~~~~~~~~~~~~

src/screens/AuthScreen.tsx:16:29 - error TS2307: Cannot find module 'react-redux' or its corresponding type declarations.

16 import { useSelector } from 'react-redux';
                               ~~~~~~~~~~~~~

src/screens/CardPaymentScreen.tsx:11:41 - error TS2307: Cannot find module '@react-navigation/native' or its corresponding type declarations.

11 import { useNavigation, useRoute } from '@react-navigation/native';
                                           ~~~~~~~~~~~~~~~~~~~~~~~~~~

src/screens/CardPaymentScreen.tsx:12:54 - error TS2307: Cannot find module '@stripe/stripe-react-native' or its corresponding type declarations.

12 import { StripeProvider, CardField, useStripe } from '@stripe/stripe-react-native';
                                                        ~~~~~~~~~~~~~~~~~~~~~~~~~~~~~

src/screens/CardPaymentScreen.tsx:13:18 - error TS2307: Cannot find module 'react-native-vector-icons/Ionicons' or its corresponding type declarations.

13 import Icon from 'react-native-vector-icons/Ionicons';
                    ~~~~~~~~~~~~~~~~~~~~~~~~~~~~~~~~~~~~

src/screens/CardPaymentScreen.tsx:40:11 - error TS2345: Argument of type 'number | undefined' is not assignable to parameter of type 'number'.
  Type 'undefined' is not assignable to type 'number'.

40           user?.id,
             ~~~~~~~~

src/screens/CardPaymentScreen.tsx:161:34 - error TS7006: Parameter 'cardDetails' implicitly has an 'any' type.

161                   onCardChange={(cardDetails) => {
                                     ~~~~~~~~~~~

src/screens/CartScreen.tsx:12:42 - error TS2307: Cannot find module 'react-redux' or its corresponding type declarations.

12 import { useDispatch, useSelector } from 'react-redux';
                                            ~~~~~~~~~~~~~

src/screens/CartScreen.tsx:13:37 - error TS2307: Cannot find module '@react-navigation/stack' or its corresponding type declarations.

13 import { StackNavigationProp } from '@react-navigation/stack';
                                       ~~~~~~~~~~~~~~~~~~~~~~~~~

src/screens/CartScreen.tsx:41:39 - error TS7006: Parameter 'sum' implicitly has an 'any' type.

41   const subtotal = cart.items.reduce((sum, item) => sum + (item.price * item.quantity), 0);
                                         ~~~

src/screens/CartScreen.tsx:41:44 - error TS7006: Parameter 'item' implicitly has an 'any' type.

41   const subtotal = cart.items.reduce((sum, item) => sum + (item.price * item.quantity), 0);
                                              ~~~~

src/screens/CartScreen.tsx:46:48 - error TS7006: Parameter 'item' implicitly has an 'any' type.

46   const requiresPrescription = cart.items.some(item => item.requiresPrescription);
                                                  ~~~~

src/screens/ChatScreen.tsx:17:41 - error TS2307: Cannot find module '@react-navigation/native' or its corresponding type declarations.

17 import { useNavigation, useRoute } from '@react-navigation/native';
                                           ~~~~~~~~~~~~~~~~~~~~~~~~~~

src/screens/ChatScreen.tsx:18:18 - error TS2307: Cannot find module 'react-native-vector-icons/Ionicons' or its corresponding type declarations.

18 import Icon from 'react-native-vector-icons/Ionicons';
                    ~~~~~~~~~~~~~~~~~~~~~~~~~~~~~~~~~~~~

src/screens/ChatScreen.tsx:200:22 - error TS2339: Property 'token' does not exist on type 'User'.

200         token: user?.token,
                         ~~~~~

src/screens/DeliveryDashboardScreen.tsx:14:30 - error TS2307: Cannot find module 'react-native-safe-area-context' or its corresponding type declarations.

14 import { SafeAreaView } from 'react-native-safe-area-context';
                                ~~~~~~~~~~~~~~~~~~~~~~~~~~~~~~~~

src/screens/DeliveryDashboardScreen.tsx:34:36 - error TS7031: Binding element 'navigation' implicitly has an 'any' type.

34 const DeliveryDashboardScreen = ({ navigation }) => {
                                      ~~~~~~~~~~

src/screens/DeliveryDetailsScreen.tsx:17:30 - error TS2307: Cannot find module 'react-native-safe-area-context' or its corresponding type declarations.

17 import { SafeAreaView } from 'react-native-safe-area-context';
                                ~~~~~~~~~~~~~~~~~~~~~~~~~~~~~~~~

src/screens/DeliveryDetailsScreen.tsx:22:34 - error TS7031: Binding element 'route' implicitly has an 'any' type.

22 const DeliveryDetailsScreen = ({ route, navigation }) => {
                                    ~~~~~

src/screens/DeliveryDetailsScreen.tsx:22:41 - error TS7031: Binding element 'navigation' implicitly has an 'any' type.

22 const DeliveryDetailsScreen = ({ route, navigation }) => {
                                           ~~~~~~~~~~

src/screens/DeliveryDetailsScreen.tsx:87:72 - error TS18047: 'delivery' is possibly 'null'.

87       action: () => deliveryService.markMedicationPickedUp(deliveryId, delivery.items)
                                                                          ~~~~~~~~

src/screens/DeliveryDetailsScreen.tsx:140:21 - error TS2345: Argument of type 'string' is not assignable to parameter of type 'SetStateAction<null>'.

140       setProofPhoto(result.assets[0].uri);
                        ~~~~~~~~~~~~~~~~~~~~

src/screens/DeliveryDetailsScreen.tsx:145:19 - error TS2339: Property 'customerPhone' does not exist on type 'never'.

145     if (delivery?.customerPhone) {
                      ~~~~~~~~~~~~~

src/screens/DeliveryDetailsScreen.tsx:146:39 - error TS2339: Property 'customerPhone' does not exist on type 'never'.

146       Linking.openURL(`tel:${delivery.customerPhone}`);
                                          ~~~~~~~~~~~~~

src/screens/DeliveryDetailsScreen.tsx:184:12 - error TS7053: Element implicitly has an 'any' type because expression of type 'string' can't be used to index type '{ assigned: string; accepted: string; en_route_to_pharmacy: string; arrived_at_pharmacy: string; picked_up: string; en_route_to_customer: string; arrived_at_customer: string; delivered: string; cancelled: string; }'.
  No index signature with a parameter of type 'string' was found on type '{ assigned: string; accepted: string; en_route_to_pharmacy: string; arrived_at_pharmacy: string; picked_up: string; en_route_to_customer: string; arrived_at_customer: string; delivered: string; cancelled: string; }'.

184     return labels[status] || status;
               ~~~~~~~~~~~~~~

src/screens/DeliveryDetailsScreen.tsx:190:22 - error TS2339: Property 'status' does not exist on type 'never'.

190     switch (delivery.status) {
                         ~~~~~~

src/screens/DeliveryDetailsScreen.tsx:276:63 - error TS2339: Property 'orderId' does not exist on type 'never'.

276         <Text style={styles.headerTitle}>Livraison #{delivery.orderId}</Text>
                                                                  ~~~~~~~

src/screens/DeliveryDetailsScreen.tsx:288:72 - error TS2339: Property 'status' does not exist on type 'never'.

288               <Text style={styles.statusText}>{getStatusLabel(delivery.status)}</Text>
                                                                           ~~~~~~

src/screens/DeliveryDetailsScreen.tsx:300:57 - error TS2339: Property 'customerName' does not exist on type 'never'.

300             <Text style={styles.customerName}>{delivery.customerName}</Text>
                                                            ~~~~~~~~~~~~

src/screens/DeliveryDetailsScreen.tsx:305:56 - error TS2339: Property 'customerPhone' does not exist on type 'never'.

305           <Text style={styles.customerPhone}>{delivery.customerPhone}</Text>
                                                           ~~~~~~~~~~~~~

src/screens/DeliveryDetailsScreen.tsx:321:58 - error TS2339: Property 'pickupAddress' does not exist on type 'never'.

321               <Text style={styles.addressText}>{delivery.pickupAddress}</Text>
                                                             ~~~~~~~~~~~~~

src/screens/DeliveryDetailsScreen.tsx:324:50 - error TS2339: Property 'pickupAddress' does not exist on type 'never'.

324                 onPress={() => openMaps(delivery.pickupAddress)}
                                                     ~~~~~~~~~~~~~

src/screens/DeliveryDetailsScreen.tsx:339:58 - error TS2339: Property 'deliveryAddress' does not exist on type 'never'.

339               <Text style={styles.addressText}>{delivery.deliveryAddress}</Text>
                                                             ~~~~~~~~~~~~~~~

src/screens/DeliveryDetailsScreen.tsx:342:50 - error TS2339: Property 'deliveryAddress' does not exist on type 'never'.

342                 onPress={() => openMaps(delivery.deliveryAddress)}
                                                     ~~~~~~~~~~~~~~~

src/screens/DeliveryDetailsScreen.tsx:354:67 - error TS2339: Property 'items' does not exist on type 'never'.

354             <Text style={styles.cardTitle}>MÃ©dicaments ({delivery.items?.length || 0})</Text>
                                                                      ~~~~~

src/screens/DeliveryDetailsScreen.tsx:356:21 - error TS2339: Property 'items' does not exist on type 'never'.

356           {delivery.items?.map((item, index) => (
                        ~~~~~

src/screens/DeliveryDetailsScreen.tsx:356:33 - error TS7006: Parameter 'item' implicitly has an 'any' type.

356           {delivery.items?.map((item, index) => (
                                    ~~~~

src/screens/DeliveryDetailsScreen.tsx:356:39 - error TS7006: Parameter 'index' implicitly has an 'any' type.

356           {delivery.items?.map((item, index) => (
                                          ~~~~~

src/screens/DeliveryDetailsScreen.tsx:366:56 - error TS2339: Property 'totalAmount' does not exist on type 'never'.

366             <Text style={styles.totalAmount}>{delivery.totalAmount} CFA</Text>
                                                           ~~~~~~~~~~~

src/screens/DeliveryDetailsScreen.tsx:383:34 - error TS2322: Type 'string' is not assignable to type '"delete" | "link" | "filter" | "search" | "repeat" | "anchor" | "style" | "accessible" | "image" | "opacity" | "android" | "web" | "sort" | "map" | "done" | "gradient" | "description" | ... 1545 more ... | undefined'.

383                   <MaterialIcons name={action.icon} size={24} color="#FFFFFF" />
                                     ~~~~

  node_modules/@expo/vector-icons/build/createIconSet.d.ts:17:5
    17     name: GLYPHS;
           ~~~~
    The expected type comes from property 'name' which is declared here on type 'IntrinsicAttributes & IntrinsicClassAttributes<Component<IconProps<"delete" | "link" | "filter" | "search" | "repeat" | "anchor" | "style" | "accessible" | "image" | "opacity" | "android" | ... 1550 more ... | "zoom-out-map">, {}, any>> & Pick<...> & InexactPartial<...> & InexactPartial<...>'

src/screens/DeliveryDetailsScreen.tsx:392:20 - error TS2339: Property 'status' does not exist on type 'never'.

392         {(delivery.status === 'arrived_at_customer' || proofPhoto) && (
                       ~~~~~~

src/screens/DeliveryEarningsScreen.tsx:13:30 - error TS2307: Cannot find module 'react-native-safe-area-context' or its corresponding type declarations.

13 import { SafeAreaView } from 'react-native-safe-area-context';
                                ~~~~~~~~~~~~~~~~~~~~~~~~~~~~~~~~

src/screens/DeliveryEarningsScreen.tsx:15:47 - error TS2307: Cannot find module 'react-native-chart-kit' or its corresponding type declarations.

15 import { LineChart, BarChart, PieChart } from 'react-native-chart-kit';
                                                 ~~~~~~~~~~~~~~~~~~~~~~~~

src/screens/DeliveryEarningsScreen.tsx:51:35 - error TS7031: Binding element 'navigation' implicitly has an 'any' type.

51 const DeliveryEarningsScreen = ({ navigation }) => {
                                     ~~~~~~~~~~

src/screens/DeliveryEarningsScreen.tsx:268:45 - error TS7053: Element implicitly has an 'any' type because expression of type '`type${string}`' can't be used to index type '{ container: { flex: number; backgroundColor: string; }; header: { flexDirection: "row"; justifyContent: "space-between"; alignItems: "center"; paddingHorizontal: number; paddingVertical: number; backgroundColor: string; borderBottomWidth: number; borderBottomColor: string; }; ... 53 more ...; goalText: { ...; }; }'.

268               <View style={[styles.typeTag, styles[`type${delivery.type.charAt(0).toUpperCase() + delivery.type.slice(1)}`]]}>
                                                ~~~~~~~~~~~~~~~~~~~~~~~~~~~~~~~~~~~~~~~~~~~~~~~~~~~~~~~~~~~~~~~~~~~~~~~~~~~~~~~

src/screens/DeliveryEarningsScreen.tsx:379:15 - error TS2322: Type 'string' is not assignable to type '"delete" | "link" | "filter" | "search" | "repeat" | "anchor" | "style" | "accessible" | "image" | "opacity" | "android" | "web" | "sort" | "map" | "done" | "gradient" | "description" | ... 1545 more ... | undefined'.

379               name={tab.icon}
                  ~~~~

  node_modules/@expo/vector-icons/build/createIconSet.d.ts:17:5
    17     name: GLYPHS;
           ~~~~
    The expected type comes from property 'name' which is declared here on type 'IntrinsicAttributes & IntrinsicClassAttributes<Component<IconProps<"delete" | "link" | "filter" | "search" | "repeat" | "anchor" | "style" | "accessible" | "image" | "opacity" | "android" | ... 1550 more ... | "zoom-out-map">, {}, any>> & Pick<...> & InexactPartial<...> & InexactPartial<...>'

src/screens/DeliveryHistoryScreen.tsx:13:30 - error TS2307: Cannot find module 'react-native-safe-area-context' or its corresponding type declarations.

13 import { SafeAreaView } from 'react-native-safe-area-context';
                                ~~~~~~~~~~~~~~~~~~~~~~~~~~~~~~~~

src/screens/DeliveryHistoryScreen.tsx:29:34 - error TS7031: Binding element 'navigation' implicitly has an 'any' type.

29 const DeliveryHistoryScreen = ({ navigation }) => {
                                    ~~~~~~~~~~

src/screens/DeliveryHistoryScreen.tsx:94:12 - error TS7053: Element implicitly has an 'any' type because expression of type 'string' can't be used to index type '{ delivered: string; cancelled: string; returned: string; }'.
  No index signature with a parameter of type 'string' was found on type '{ delivered: string; cancelled: string; returned: string; }'.

94     return labels[status] || status;
              ~~~~~~~~~~~~~~

src/screens/HomeScreen.tsx:13:30 - error TS2307: Cannot find module 'react-native-safe-area-context' or its corresponding type declarations.

13 import { SafeAreaView } from 'react-native-safe-area-context';
                                ~~~~~~~~~~~~~~~~~~~~~~~~~~~~~~~~

src/screens/LoginScreen.tsx:15:30 - error TS2307: Cannot find module 'react-native-safe-area-context' or its corresponding type declarations.

15 import { SafeAreaView } from 'react-native-safe-area-context';
                                ~~~~~~~~~~~~~~~~~~~~~~~~~~~~~~~~

src/screens/MedicationDetailsScreen.tsx:14:41 - error TS2307: Cannot find module '@react-navigation/native' or its corresponding type declarations.

14 import { useRoute, useNavigation } from '@react-navigation/native';
                                           ~~~~~~~~~~~~~~~~~~~~~~~~~~

src/screens/MedicationDetailsScreen.tsx:234:48 - error TS7006: Parameter 'reminder' implicitly has an 'any' type.

234               {selectedSchedule.reminders.map((reminder, index) => (
                                                   ~~~~~~~~

src/screens/MedicationDetailsScreen.tsx:234:58 - error TS7006: Parameter 'index' implicitly has an 'any' type.

234               {selectedSchedule.reminders.map((reminder, index) => (
                                                             ~~~~~

src/screens/MedicationRemindersDemoScreen.tsx:229:13 - error TS2322: Type 'AnimationType' is not assignable to type '"pill" | "liquid" | "injection" | "inhaler"'.

229             type={selectedMedicationType}
                ~~~~

  src/features/medication-reminders/animations/MedicationTakingSteps.tsx:8:3
    8   type: 'pill' | 'liquid' | 'injection' | 'inhaler';
        ~~~~
    The expected type comes from property 'type' which is declared here on type 'IntrinsicAttributes & MedicationTakingStepsProps'

src/screens/MedicationRemindersDemoScreen.tsx:230:31 - error TS2322: Type 'void' is not assignable to type 'Promise<void>'.

230             onComplete={() => setShowTakingSteps(false)}
                                  ~~~~~~~~~~~~~~~~~~~~~~~~~

  src/features/medication-reminders/animations/MedicationTakingSteps.tsx:9:15
    9   onComplete: () => Promise<void>;
                    ~~~~~~~~~~~~~~~~~~~
    The expected type comes from the return type of this signature.
  src/screens/MedicationRemindersDemoScreen.tsx:230:25
    230             onComplete={() => setShowTakingSteps(false)}
                                ~~~~~~~~~~~~~~~~~~~~~~~~~~~~~~~
    Did you mean to mark this function as 'async'?

src/screens/MedicationRemindersDemoScreen.tsx:240:11 - error TS2322: Type '{ streakDays: number; adherencePercentage: number; onClose: () => void; }' is not assignable to type 'IntrinsicAttributes & AdherenceCelebrationProps'.
  Property 'streakDays' does not exist on type 'IntrinsicAttributes & AdherenceCelebrationProps'.

240           streakDays={14}
              ~~~~~~~~~~

src/screens/MedicationRemindersScreen.tsx:24:9 - error TS2322: Type '{ userId: number; navigateToDetails: (scheduleId: string | number) => void; }' is not assignable to type 'IntrinsicAttributes & MedicationDashboardProps'.
  Property 'userId' does not exist on type 'IntrinsicAttributes & MedicationDashboardProps'.

24         userId={userId}
           ~~~~~~

src/screens/MedicineDetailScreen.tsx:14:41 - error TS2307: Cannot find module '@react-navigation/native' or its corresponding type declarations.

14 import { useNavigation, useRoute } from '@react-navigation/native';
                                           ~~~~~~~~~~~~~~~~~~~~~~~~~~

src/screens/MedicineDetailScreen.tsx:15:18 - error TS2307: Cannot find module 'react-native-vector-icons/Ionicons' or its corresponding type declarations.

15 import Icon from 'react-native-vector-icons/Ionicons';
                    ~~~~~~~~~~~~~~~~~~~~~~~~~~~~~~~~~~~~

src/screens/MedicineSearchScreen.tsx:14:42 - error TS2307: Cannot find module 'react-redux' or its corresponding type declarations.

14 import { useDispatch, useSelector } from 'react-redux';
                                            ~~~~~~~~~~~~~

src/screens/MedicineSearchScreen.tsx:15:37 - error TS2307: Cannot find module '@react-navigation/stack' or its corresponding type declarations.

15 import { StackNavigationProp } from '@react-navigation/stack';
                                       ~~~~~~~~~~~~~~~~~~~~~~~~~

src/screens/MobileMoneyPaymentScreen.tsx:13:42 - error TS2307: Cannot find module 'react-redux' or its corresponding type declarations.

13 import { useDispatch, useSelector } from 'react-redux';
                                            ~~~~~~~~~~~~~

src/screens/MobileMoneyPaymentScreen.tsx:14:37 - error TS2307: Cannot find module '@react-navigation/stack' or its corresponding type declarations.

14 import { StackNavigationProp } from '@react-navigation/stack';
                                       ~~~~~~~~~~~~~~~~~~~~~~~~~

src/screens/MobileMoneyPaymentScreen.tsx:15:27 - error TS2307: Cannot find module '@react-navigation/native' or its corresponding type declarations.

15 import { RouteProp } from '@react-navigation/native';
                             ~~~~~~~~~~~~~~~~~~~~~~~~~~

src/screens/MobileMoneyPaymentScreen.tsx:19:10 - error TS2614: Module '"@/services/payment.service"' has no exported member 'paymentService'. Did you mean to use 'import paymentService from "@/services/payment.service"' instead?

19 import { paymentService } from '@/services/payment.service';
            ~~~~~~~~~~~~~~

src/screens/NotificationsScreen.tsx:15:47 - error TS2307: Cannot find module '@react-navigation/native' or its corresponding type declarations.

15 import { useNavigation, useFocusEffect } from '@react-navigation/native';
                                                 ~~~~~~~~~~~~~~~~~~~~~~~~~~

src/screens/NotificationsScreen.tsx:16:18 - error TS2307: Cannot find module 'react-native-vector-icons/Ionicons' or its corresponding type declarations.

16 import Icon from 'react-native-vector-icons/Ionicons';
                    ~~~~~~~~~~~~~~~~~~~~~~~~~~~~~~~~~~~~

src/screens/NotificationsScreen.tsx:486:10 - error TS2304: Cannot find name 'ScrollView'.

486         <ScrollView style={styles.scrollView}>
             ~~~~~~~~~~

src/screens/NotificationsScreen.tsx:488:11 - error TS2304: Cannot find name 'ScrollView'.

488         </ScrollView>
              ~~~~~~~~~~

src/screens/OrderDetailsScreen.tsx:11:41 - error TS2307: Cannot find module '@react-navigation/native' or its corresponding type declarations.

11 import { useNavigation, useRoute } from '@react-navigation/native';
                                           ~~~~~~~~~~~~~~~~~~~~~~~~~~

src/screens/OrderDetailsScreen.tsx:12:18 - error TS2307: Cannot find module 'react-native-vector-icons/Ionicons' or its corresponding type declarations.

12 import Icon from 'react-native-vector-icons/Ionicons';
                    ~~~~~~~~~~~~~~~~~~~~~~~~~~~~~~~~~~~~

src/screens/OrderDetailsScreen.tsx:41:18 - error TS2345: Argument of type '"Network error. Please try again later."' is not assignable to parameter of type 'SetStateAction<null>'.

41         setError('Network error. Please try again later.');
                    ~~~~~~~~~~~~~~~~~~~~~~~~~~~~~~~~~~~~~~~~

src/screens/OrderDetailsScreen.tsx:51:27 - error TS7006: Parameter 'status' implicitly has an 'any' type.

51   const getStatusColor = (status) => {
                             ~~~~~~

src/screens/OrderDetailsScreen.tsx:69:34 - error TS7006: Parameter 'status' implicitly has an 'any' type.

69   const getPaymentStatusColor = (status) => {
                                    ~~~~~~

src/screens/OrderDetailsScreen.tsx:83:23 - error TS7006: Parameter 'dateString' implicitly has an 'any' type.

83   const formatDate = (dateString) => {
                         ~~~~~~~~~~

src/screens/OrderDetailsScreen.tsx:136:56 - error TS2339: Property 'status' does not exist on type 'never'.

136               { backgroundColor: getStatusColor(order?.status) }
                                                           ~~~~~~

src/screens/OrderDetailsScreen.tsx:139:53 - error TS2339: Property 'status' does not exist on type 'never'.

139             <Text style={styles.statusText}>{order?.status}</Text>
                                                        ~~~~~~

src/screens/OrderDetailsScreen.tsx:141:63 - error TS2339: Property 'order_number' does not exist on type 'never'.

141           <Text style={styles.orderNumberText}>Order #{order?.order_number}</Text>
                                                                  ~~~~~~~~~~~~

src/screens/OrderDetailsScreen.tsx:142:60 - error TS2339: Property 'created_at' does not exist on type 'never'.

142           <Text style={styles.dateText}>{formatDate(order?.created_at)}</Text>
                                                               ~~~~~~~~~~

src/screens/OrderDetailsScreen.tsx:148:19 - error TS2339: Property 'order_items' does not exist on type 'never'.

148           {order?.order_items?.map((item) => (
                      ~~~~~~~~~~~

src/screens/OrderDetailsScreen.tsx:148:37 - error TS7006: Parameter 'item' implicitly has an 'any' type.

148           {order?.order_items?.map((item) => (
                                        ~~~~

src/screens/OrderDetailsScreen.tsx:165:23 - error TS2339: Property 'payment_method' does not exist on type 'never'.

165               {order?.payment_method === 'CARD' ? 'Credit/Debit Card' :
                          ~~~~~~~~~~~~~~

src/screens/OrderDetailsScreen.tsx:166:23 - error TS2339: Property 'payment_method' does not exist on type 'never'.

166                order?.payment_method === 'MOBILE_MONEY' ? `Mobile Money (${order?.payment_provider})` :
                          ~~~~~~~~~~~~~~

src/screens/OrderDetailsScreen.tsx:166:83 - error TS2339: Property 'payment_provider' does not exist on type 'never'.

166                order?.payment_method === 'MOBILE_MONEY' ? `Mobile Money (${order?.payment_provider})` :
                                                                                      ~~~~~~~~~~~~~~~~

src/screens/OrderDetailsScreen.tsx:167:23 - error TS2339: Property 'payment_method' does not exist on type 'never'.

167                order?.payment_method}
                          ~~~~~~~~~~~~~~

src/screens/OrderDetailsScreen.tsx:170:19 - error TS2339: Property 'payment_provider' does not exist on type 'never'.

170           {order?.payment_provider && (
                      ~~~~~~~~~~~~~~~~

src/screens/OrderDetailsScreen.tsx:173:56 - error TS2339: Property 'payment_provider' does not exist on type 'never'.

173               <Text style={styles.detailValue}>{order?.payment_provider}</Text>
                                                           ~~~~~~~~~~~~~~~~

src/screens/OrderDetailsScreen.tsx:181:65 - error TS2339: Property 'payment_status' does not exist on type 'never'.

181                 { backgroundColor: getPaymentStatusColor(order?.payment_status) }
                                                                    ~~~~~~~~~~~~~~

src/screens/OrderDetailsScreen.tsx:184:62 - error TS2339: Property 'payment_status' does not exist on type 'never'.

184               <Text style={styles.paymentStatusText}>{order?.payment_status}</Text>
                                                                 ~~~~~~~~~~~~~~

src/screens/OrderDetailsScreen.tsx:187:19 - error TS2339: Property 'transaction_reference' does not exist on type 'never'.

187           {order?.transaction_reference && (
                      ~~~~~~~~~~~~~~~~~~~~~

src/screens/OrderDetailsScreen.tsx:190:56 - error TS2339: Property 'transaction_reference' does not exist on type 'never'.

190               <Text style={styles.detailValue}>{order?.transaction_reference}</Text>
                                                           ~~~~~~~~~~~~~~~~~~~~~

src/screens/OrderDetailsScreen.tsx:195:53 - error TS2339: Property 'total_amount' does not exist on type 'never'.

195             <Text style={styles.totalValue}>{order?.total_amount.toLocaleString()} XOF</Text>
                                                        ~~~~~~~~~~~~

src/screens/OrderDetailsScreen.tsx:204:54 - error TS2339: Property 'delivery_address' does not exist on type 'never'.

204             <Text style={styles.detailValue}>{order?.delivery_address}</Text>
                                                         ~~~~~~~~~~~~~~~~

src/screens/OrderDetailsScreen.tsx:206:19 - error TS2339: Property 'expected_delivery_time' does not exist on type 'never'.

206           {order?.expected_delivery_time && (
                      ~~~~~~~~~~~~~~~~~~~~~~

src/screens/OrderDetailsScreen.tsx:209:67 - error TS2339: Property 'expected_delivery_time' does not exist on type 'never'.

209               <Text style={styles.detailValue}>{formatDate(order?.expected_delivery_time)}</Text>
                                                                      ~~~~~~~~~~~~~~~~~~~~~~

src/screens/OrderDetailsScreen.tsx:212:19 - error TS2339: Property 'actual_delivery_time' does not exist on type 'never'.

212           {order?.actual_delivery_time && (
                      ~~~~~~~~~~~~~~~~~~~~

src/screens/OrderDetailsScreen.tsx:215:67 - error TS2339: Property 'actual_delivery_time' does not exist on type 'never'.

215               <Text style={styles.detailValue}>{formatDate(order?.actual_delivery_time)}</Text>
                                                                      ~~~~~~~~~~~~~~~~~~~~

src/screens/OrderDetailsScreen.tsx:222:19 - error TS2339: Property 'status' does not exist on type 'never'.

222           {order?.status === 'PENDING' && order?.payment_status === 'completed' && (
                      ~~~~~~

src/screens/OrderDetailsScreen.tsx:222:50 - error TS2339: Property 'payment_status' does not exist on type 'never'.

222           {order?.status === 'PENDING' && order?.payment_status === 'completed' && (
                                                     ~~~~~~~~~~~~~~

src/screens/OrderDetailsScreen.tsx:228:19 - error TS2339: Property 'status' does not exist on type 'never'.

228           {order?.status === 'PENDING' && order?.payment_status === 'pending' && (
                      ~~~~~~

src/screens/OrderDetailsScreen.tsx:228:50 - error TS2339: Property 'payment_status' does not exist on type 'never'.

228           {order?.status === 'PENDING' && order?.payment_status === 'pending' && (
                                                     ~~~~~~~~~~~~~~

src/screens/OrderDetailsScreen.tsx:232:28 - error TS2339: Property 'payment_method' does not exist on type 'never'.

232                 if (order?.payment_method === 'MOBILE_MONEY') {
                               ~~~~~~~~~~~~~~

src/screens/OrderDetailsScreen.tsx:234:36 - error TS2339: Property 'id' does not exist on type 'never'.

234                     orderId: order.id,
                                       ~~

src/screens/OrderDetailsScreen.tsx:235:35 - error TS2339: Property 'total_amount' does not exist on type 'never'.

235                     amount: order.total_amount,
                                      ~~~~~~~~~~~~

src/screens/OrderDetailsScreen.tsx:236:49 - error TS2339: Property 'transaction_reference' does not exist on type 'never'.

236                     transactionReference: order.transaction_reference
                                                    ~~~~~~~~~~~~~~~~~~~~~

src/screens/OrderDetailsScreen.tsx:240:36 - error TS2339: Property 'id' does not exist on type 'never'.

240                     orderId: order.id,
                                       ~~

src/screens/OrderDetailsScreen.tsx:241:35 - error TS2339: Property 'total_amount' does not exist on type 'never'.

241                     amount: order.total_amount
                                      ~~~~~~~~~~~~

src/screens/OrderDetailsScreen.tsx:250:19 - error TS2339: Property 'status' does not exist on type 'never'.

250           {order?.status === 'DELIVERED' && !order?.rating && (
                      ~~~~~~

src/screens/OrderDetailsScreen.tsx:250:53 - error TS2339: Property 'rating' does not exist on type 'never'.

250           {order?.status === 'DELIVERED' && !order?.rating && (
                                                        ~~~~~~

src/screens/OrderDetailsScreen.tsx:253:80 - error TS2339: Property 'id' does not exist on type 'never'.

253               onPress={() => navigation.navigate('RateOrder', { orderId: order.id })}
                                                                                   ~~

src/screens/OrderDetailsScreen.tsx:261:70 - error TS18047: 'order' is possibly 'null'.

261             onPress={() => navigation.navigate('Support', { orderId: order.id })}
                                                                         ~~~~~

src/screens/OrdersScreen.tsx:14:47 - error TS2307: Cannot find module '@react-navigation/native' or its corresponding type declarations.

14 import { useNavigation, useFocusEffect } from '@react-navigation/native';
                                                 ~~~~~~~~~~~~~~~~~~~~~~~~~~

src/screens/OrdersScreen.tsx:15:18 - error TS2307: Cannot find module 'react-native-vector-icons/Ionicons' or its corresponding type declarations.

15 import Icon from 'react-native-vector-icons/Ionicons';
                    ~~~~~~~~~~~~~~~~~~~~~~~~~~~~~~~~~~~~

src/screens/OtpVerificationScreen.tsx:14:41 - error TS2307: Cannot find module '@react-navigation/native' or its corresponding type declarations.

14 import { useNavigation, useRoute } from '@react-navigation/native';
                                           ~~~~~~~~~~~~~~~~~~~~~~~~~~

src/screens/PaymentMethodScreen.tsx:10:41 - error TS2307: Cannot find module '@react-navigation/native' or its corresponding type declarations.

10 import { useNavigation, useRoute } from '@react-navigation/native';
                                           ~~~~~~~~~~~~~~~~~~~~~~~~~~

src/screens/PaymentMethodScreen.tsx:11:18 - error TS2307: Cannot find module 'react-native-vector-icons/Ionicons' or its corresponding type declarations.

11 import Icon from 'react-native-vector-icons/Ionicons';
                    ~~~~~~~~~~~~~~~~~~~~~~~~~~~~~~~~~~~~

src/screens/PaymentMethodsScreen.tsx:13:31 - error TS2307: Cannot find module '@react-navigation/native' or its corresponding type declarations.

13 import { useNavigation } from '@react-navigation/native';
                                 ~~~~~~~~~~~~~~~~~~~~~~~~~~

src/screens/PaymentMethodsScreen.tsx:14:18 - error TS2307: Cannot find module 'react-native-vector-icons/Ionicons' or its corresponding type declarations.

14 import Icon from 'react-native-vector-icons/Ionicons';
                    ~~~~~~~~~~~~~~~~~~~~~~~~~~~~~~~~~~~~

src/screens/PaymentScreen.tsx:12:42 - error TS2307: Cannot find module 'react-redux' or its corresponding type declarations.

12 import { useDispatch, useSelector } from 'react-redux';
                                            ~~~~~~~~~~~~~

src/screens/PaymentScreen.tsx:13:37 - error TS2307: Cannot find module '@react-navigation/stack' or its corresponding type declarations.

13 import { StackNavigationProp } from '@react-navigation/stack';
                                       ~~~~~~~~~~~~~~~~~~~~~~~~~

src/screens/PaymentScreen.tsx:14:27 - error TS2307: Cannot find module '@react-navigation/native' or its corresponding type declarations.

14 import { RouteProp } from '@react-navigation/native';
                             ~~~~~~~~~~~~~~~~~~~~~~~~~~

src/screens/PaymentScreen.tsx:20:43 - error TS2307: Cannot find module '@stripe/stripe-react-native' or its corresponding type declarations.

20 import { StripeProvider, useStripe } from '@stripe/stripe-react-native';
                                             ~~~~~~~~~~~~~~~~~~~~~~~~~~~~~

src/screens/PaymentScreen.tsx:214:11 - error TS2322: Type '{ selectedMethod: string; onSelect: Dispatch<SetStateAction<string>>; }' is not assignable to type 'IntrinsicAttributes & PaymentMethodSelectorProps'.
  Property 'selectedMethod' does not exist on type 'IntrinsicAttributes & PaymentMethodSelectorProps'. Did you mean 'selectedMethodId'?

214           selectedMethod={paymentMethod}
              ~~~~~~~~~~~~~~

src/screens/PharmacyMapScreen.tsx:11:42 - error TS2307: Cannot find module 'react-redux' or its corresponding type declarations.

11 import { useDispatch, useSelector } from 'react-redux';
                                            ~~~~~~~~~~~~~

src/screens/PharmacyMapScreen.tsx:12:37 - error TS2307: Cannot find module '@react-navigation/stack' or its corresponding type declarations.

12 import { StackNavigationProp } from '@react-navigation/stack';
                                       ~~~~~~~~~~~~~~~~~~~~~~~~~

src/screens/PharmacyMapScreen.tsx:13:27 - error TS2307: Cannot find module '@react-navigation/native' or its corresponding type declarations.

13 import { RouteProp } from '@react-navigation/native';
                             ~~~~~~~~~~~~~~~~~~~~~~~~~~

src/screens/PharmacyMapScreen.tsx:57:9 - error TS7006: Parameter 'p' implicitly has an 'any' type.

57         p => p.latitude === route.params?.latitude && p.longitude === route.params?.longitude
           ~

src/screens/PharmacyMapScreen.tsx:97:38 - error TS7006: Parameter 'p' implicitly has an 'any' type.

97     const pharmacy = pharmacies.find(p => p.id === id);
                                        ~

src/screens/PharmacyMapScreen.tsx:121:40 - error TS7006: Parameter 'p' implicitly has an 'any' type.

121       const pharmacy = pharmacies.find(p => p.id === selectedMarkerId);
                                           ~

src/screens/PharmacyMapScreen.tsx:143:7 - error TS2607: JSX element class does not support attributes because it does not have a 'props' property.

143       <MapView
          ~~~~~~~~
144         ref={mapRef}
    ~~~~~~~~~~~~~~~~~~~~
... 
155         onMapReady={handleMapReady}
    ~~~~~~~~~~~~~~~~~~~~~~~~~~~~~~~~~~~
156       >
    ~~~~~~~

src/screens/PharmacyMapScreen.tsx:143:8 - error TS2786: 'MapView' cannot be used as a JSX component.
  Its instance type 'MapView' is not a valid JSX element.

143       <MapView
           ~~~~~~~

src/screens/PharmacyMapScreen.tsx:157:26 - error TS7006: Parameter 'pharmacy' implicitly has an 'any' type.

157         {pharmacies.map((pharmacy) => (
                             ~~~~~~~~

src/screens/PharmacyMapScreen.tsx:158:11 - error TS2607: JSX element class does not support attributes because it does not have a 'props' property.

158           <Marker
              ~~~~~~~
159             key={pharmacy.id}
    ~~~~~~~~~~~~~~~~~~~~~~~~~~~~~
... 
167             pinColor={selectedMarkerId === pharmacy.id ? '#4A80F0' : '#F87171'}
    ~~~~~~~~~~~~~~~~~~~~~~~~~~~~~~~~~~~~~~~~~~~~~~~~~~~~~~~~~~~~~~~~~~~~~~~~~~~~~~~
168           />
    ~~~~~~~~~~~~

src/screens/PharmacyMapScreen.tsx:158:12 - error TS2786: 'Marker' cannot be used as a JSX component.
  Its instance type 'MapMarker' is not a valid JSX element.

158           <Marker
               ~~~~~~

src/screens/PrescriptionUploadScreen.tsx:13:42 - error TS2307: Cannot find module 'react-redux' or its corresponding type declarations.

13 import { useDispatch, useSelector } from 'react-redux';
                                            ~~~~~~~~~~~~~

src/screens/PrescriptionUploadScreen.tsx:14:37 - error TS2307: Cannot find module '@react-navigation/stack' or its corresponding type declarations.

14 import { StackNavigationProp } from '@react-navigation/stack';
                                       ~~~~~~~~~~~~~~~~~~~~~~~~~

src/screens/PrescriptionUploadScreen.tsx:15:27 - error TS2307: Cannot find module '@react-navigation/native' or its corresponding type declarations.

15 import { RouteProp } from '@react-navigation/native';
                             ~~~~~~~~~~~~~~~~~~~~~~~~~~

src/screens/PrescriptionUploadScreen.tsx:20:10 - error TS2305: Module '"expo-camera"' has no exported member 'CameraView'.

20 import { CameraView, CameraType, useCameraPermissions } from 'expo-camera';
            ~~~~~~~~~~

src/screens/PrescriptionUploadScreen.tsx:20:34 - error TS2305: Module '"expo-camera"' has no exported member 'useCameraPermissions'.

20 import { CameraView, CameraType, useCameraPermissions } from 'expo-camera';
                                    ~~~~~~~~~~~~~~~~~~~~

src/screens/PrescriptionUploadScreen.tsx:76:34 - error TS2532: Object is possibly 'undefined'.

76         dispatch(setPreviewImage(result.assets[0].uri));
                                    ~~~~~~~~~~~~~~~~

src/screens/PrescriptionUploadScreen.tsx:148:17 - error TS7006: Parameter 'ref' implicitly has an 'any' type.

148           ref={(ref) => setCamera(ref)}
                    ~~~

src/screens/RemindersScreen.tsx:17:42 - error TS2307: Cannot find module 'react-redux' or its corresponding type declarations.

17 import { useDispatch, useSelector } from 'react-redux';
                                            ~~~~~~~~~~~~~

src/screens/RemindersScreen.tsx:19:28 - error TS2307: Cannot find module '@react-native-community/datetimepicker' or its corresponding type declarations.

19 import DateTimePicker from '@react-native-community/datetimepicker';
                              ~~~~~~~~~~~~~~~~~~~~~~~~~~~~~~~~~~~~~~~~

src/screens/RemindersScreen.tsx:479:26 - error TS7006: Parameter 'event' implicitly has an 'any' type.

479               onChange={(event, selectedTime) => {
                             ~~~~~

src/screens/RemindersScreen.tsx:479:33 - error TS7006: Parameter 'selectedTime' implicitly has an 'any' type.

479               onChange={(event, selectedTime) => {
                                    ~~~~~~~~~~~~

src/screens/ScanPrescriptionScreen.tsx:13:10 - error TS2305: Module '"expo-camera"' has no exported member 'CameraView'.

13 import { CameraView, CameraType, useCameraPermissions } from 'expo-camera';
            ~~~~~~~~~~

src/screens/ScanPrescriptionScreen.tsx:13:34 - error TS2305: Module '"expo-camera"' has no exported member 'useCameraPermissions'.

13 import { CameraView, CameraType, useCameraPermissions } from 'expo-camera';
                                    ~~~~~~~~~~~~~~~~~~~~

src/screens/ScanPrescriptionScreen.tsx:289:15 - error TS7006: Parameter 'ref' implicitly has an 'any' type.

289         ref={(ref) => setCameraRef(ref)}
                  ~~~

src/screens/SettingsScreen.tsx:15:42 - error TS2307: Cannot find module 'react-redux' or its corresponding type declarations.

15 import { useDispatch, useSelector } from 'react-redux';
                                            ~~~~~~~~~~~~~

src/screens/SettingsScreen.tsx:209:24 - error TS2322: Type 'string' is not assignable to type '"delete" | "link" | "filter" | "search" | "repeat" | "anchor" | "style" | "accessible" | "image" | "opacity" | "android" | "web" | "sort" | "map" | "done" | "gradient" | "description" | ... 1545 more ... | undefined'.

209         <MaterialIcons name={icon} size={24} color="#0C6B58" />